--------------------------------------------------------------------------------------------------------------------------------------------------------------------------------------------------------------------------------------
      name:  <unnamed>
       log:  C:\Users\PATH\TO\DATA\MSAF.log
  log type:  text
 opened on:  DATE

. 
. foreach var in matage epidural pyrexia meconium ethcat breech bmi nullipar multiple abnormalfhr smoke durcat lateterm {
  2.         summarize `var'
  3. }

    Variable |        Obs        Mean    Std. dev.       Min        Max
-------------+---------------------------------------------------------
      matage |     16,485    28.29348     5.25942         13         51

    Variable |        Obs        Mean    Std. dev.       Min        Max
-------------+---------------------------------------------------------
    epidural |     16,485     .222384    .4158604          0          1

    Variable |        Obs        Mean    Std. dev.       Min        Max
-------------+---------------------------------------------------------
     pyrexia |     16,485    .0112223    .1053426          0          1

    Variable |        Obs        Mean    Std. dev.       Min        Max
-------------+---------------------------------------------------------
    meconium |     16,485    .2007279    .4005571          0          1

    Variable |        Obs        Mean    Std. dev.       Min        Max
-------------+---------------------------------------------------------
      ethcat |     16,485    .2553837    .4360899          0          1

    Variable |        Obs        Mean    Std. dev.       Min        Max
-------------+---------------------------------------------------------
      breech |     16,485    .0189263    .1362689          0          1

    Variable |        Obs        Mean    Std. dev.       Min        Max
-------------+---------------------------------------------------------
         bmi |     16,482    24.14304    4.283222    12.5743    63.0303

    Variable |        Obs        Mean    Std. dev.       Min        Max
-------------+---------------------------------------------------------
    nullipar |     16,485    .4318471    .4953484          0          1

    Variable |        Obs        Mean    Std. dev.       Min        Max
-------------+---------------------------------------------------------
    multiple |     16,485     .018623    .1351935          0          1

    Variable |        Obs        Mean    Std. dev.       Min        Max
-------------+---------------------------------------------------------
 abnormalfhr |     16,485    .1938732    .3953427          0          1

    Variable |        Obs        Mean    Std. dev.       Min        Max
-------------+---------------------------------------------------------
       smoke |     16,485    .1896269    .3920177          0          1

    Variable |        Obs        Mean    Std. dev.       Min        Max
-------------+---------------------------------------------------------
      durcat |     16,485    1.467941    1.113284          0          3

    Variable |        Obs        Mean    Std. dev.       Min        Max
-------------+---------------------------------------------------------
    lateterm |     16,485    .2245071      .41727          0          1

. 
. /* assessing missing */
. mdesc

    Variable    |     Missing          Total     Percent Missing
----------------+-----------------------------------------------
             id |           0         16,485           0.00
         matage |           0         16,485           0.00
       epidural |           0         16,485           0.00
        pyrexia |           0         16,485           0.00
       meconium |           0         16,485           0.00
         ethcat |           0         16,485           0.00
         breech |           0         16,485           0.00
            bmi |           3         16,485           0.02
       nullipar |           0         16,485           0.00
       multiple |           0         16,485           0.00
    abnormalfhr |           0         16,485           0.00
          smoke |           0         16,485           0.00
         durcat |           0         16,485           0.00
       lateterm |           0         16,485           0.00
----------------+-----------------------------------------------

. 
. recode bmi . = 999
(3 changes made to bmi)

. drop if bmi == 999
(3 observations deleted)

. 
. /* Recode matage and BMI into appropriate bins */ 
. egen agecat = cut(matage), at(13, 20, 27, 35, 52)

. label define agecat 13 "13-19" 20 "20-26" 27 "27-34" 35 "35-51"

. label values agecat agecat

. 
. egen bmi_bin = cut(bmi), at(12.5, 18.5, 25, 30, 35, 64) label

. label define bmi_bin 0 "Underweight" 1 "Normal" 2 "Overweight" 3 "Obese" 4 "Extremely Obese"

. label values bmi_bin bmi_bin

. 
. 
. /* Calculating the Proportion of Black Women and of meconium */ 
. tab meconium

   Meconium |
    stained |
   amniotic |
      fluid |      Freq.     Percent        Cum.
------------+-----------------------------------
         no |     13,173       79.92       79.92
        yes |      3,309       20.08      100.00
------------+-----------------------------------
      Total |     16,482      100.00

. tab ethcat

  Ethnicity |      Freq.     Percent        Cum.
------------+-----------------------------------
white/other |     12,274       74.47       74.47
      black |      4,208       25.53      100.00
------------+-----------------------------------
      Total |     16,482      100.00

. 
. tab meconium ethcat, col

+-------------------+
| Key               |
|-------------------|
|     frequency     |
| column percentage |
+-------------------+

  Meconium |
   stained |
  amniotic |       Ethnicity
     fluid | white/oth      black |     Total
-----------+----------------------+----------
        no |     9,902      3,271 |    13,173 
           |     80.67      77.73 |     79.92 
-----------+----------------------+----------
       yes |     2,372        937 |     3,309 
           |     19.33      22.27 |     20.08 
-----------+----------------------+----------
     Total |    12,274      4,208 |    16,482 
           |    100.00     100.00 |    100.00 

. 
. /* Calculating chi squared values of association and then CRUDE OR + 95% c.i. for each exposure to outcome and from each confounder/independent variable to primary exposure */ 
. foreach var in agecat epidural pyrexia ethcat breech bmi_bin nullipar multiple abnormalfhr smoke durcat lateterm {
  2.         tab `var' meconium, col chi
  3. }

+-------------------+
| Key               |
|-------------------|
|     frequency     |
| column percentage |
+-------------------+

           |   Meconium stained
           |    amniotic fluid
    agecat |        no        yes |     Total
-----------+----------------------+----------
     13-19 |       694        153 |       847 
           |      5.27       4.62 |      5.14 
-----------+----------------------+----------
     20-26 |     4,217      1,038 |     5,255 
           |     32.01      31.37 |     31.88 
-----------+----------------------+----------
     27-34 |     6,692      1,677 |     8,369 
           |     50.80      50.68 |     50.78 
-----------+----------------------+----------
     35-51 |     1,570        441 |     2,011 
           |     11.92      13.33 |     12.20 
-----------+----------------------+----------
     Total |    13,173      3,309 |    16,482 
           |    100.00     100.00 |    100.00 

          Pearson chi2(3) =   6.7924   Pr = 0.079

+-------------------+
| Key               |
|-------------------|
|     frequency     |
| column percentage |
+-------------------+

           |   Meconium stained
  Epidural |    amniotic fluid
       use |        no        yes |     Total
-----------+----------------------+----------
        no |    10,555      2,262 |    12,817 
           |     80.13      68.36 |     77.76 
-----------+----------------------+----------
       yes |     2,618      1,047 |     3,665 
           |     19.87      31.64 |     22.24 
-----------+----------------------+----------
     Total |    13,173      3,309 |    16,482 
           |    100.00     100.00 |    100.00 

          Pearson chi2(1) = 211.7689   Pr = 0.000

+-------------------+
| Key               |
|-------------------|
|     frequency     |
| column percentage |
+-------------------+

           |   Meconium stained
  Maternal |    amniotic fluid
   pyrexia |        no        yes |     Total
-----------+----------------------+----------
        no |    13,053      3,244 |    16,297 
           |     99.09      98.04 |     98.88 
-----------+----------------------+----------
       yes |       120         65 |       185 
           |      0.91       1.96 |      1.12 
-----------+----------------------+----------
     Total |    13,173      3,309 |    16,482 
           |    100.00     100.00 |    100.00 

          Pearson chi2(1) =  26.4415   Pr = 0.000

+-------------------+
| Key               |
|-------------------|
|     frequency     |
| column percentage |
+-------------------+

            |   Meconium stained
            |    amniotic fluid
  Ethnicity |        no        yes |     Total
------------+----------------------+----------
white/other |     9,902      2,372 |    12,274 
            |     75.17      71.68 |     74.47 
------------+----------------------+----------
      black |     3,271        937 |     4,208 
            |     24.83      28.32 |     25.53 
------------+----------------------+----------
      Total |    13,173      3,309 |    16,482 
            |    100.00     100.00 |    100.00 

          Pearson chi2(1) =  16.9001   Pr = 0.000

+-------------------+
| Key               |
|-------------------|
|     frequency     |
| column percentage |
+-------------------+

   Baby in |   Meconium stained
    breech |    amniotic fluid
  position |        no        yes |     Total
-----------+----------------------+----------
        no |    12,973      3,197 |    16,170 
           |     98.48      96.62 |     98.11 
-----------+----------------------+----------
       yes |       200        112 |       312 
           |      1.52       3.38 |      1.89 
-----------+----------------------+----------
     Total |    13,173      3,309 |    16,482 
           |    100.00     100.00 |    100.00 

          Pearson chi2(1) =  49.6090   Pr = 0.000

+-------------------+
| Key               |
|-------------------|
|     frequency     |
| column percentage |
+-------------------+

                |   Meconium stained
                |    amniotic fluid
        bmi_bin |        no        yes |     Total
----------------+----------------------+----------
    Underweight |       495         81 |       576 
                |      3.76       2.45 |      3.49 
----------------+----------------------+----------
         Normal |     8,506      1,968 |    10,474 
                |     64.57      59.47 |     63.55 
----------------+----------------------+----------
     Overweight |     3,032        882 |     3,914 
                |     23.02      26.65 |     23.75 
----------------+----------------------+----------
          Obese |       844        278 |     1,122 
                |      6.41       8.40 |      6.81 
----------------+----------------------+----------
Extremely Obese |       296        100 |       396 
                |      2.25       3.02 |      2.40 
----------------+----------------------+----------
          Total |    13,173      3,309 |    16,482 
                |    100.00     100.00 |    100.00 

          Pearson chi2(4) =  60.5975   Pr = 0.000

+-------------------+
| Key               |
|-------------------|
|     frequency     |
| column percentage |
+-------------------+

Nulliparit |   Meconium stained
         y |    amniotic fluid
 indicator |        no        yes |     Total
-----------+----------------------+----------
        no |     7,745      1,619 |     9,364 
           |     58.79      48.93 |     56.81 
-----------+----------------------+----------
       yes |     5,428      1,690 |     7,118 
           |     41.21      51.07 |     43.19 
-----------+----------------------+----------
     Total |    13,173      3,309 |    16,482 
           |    100.00     100.00 |    100.00 

          Pearson chi2(1) = 104.9474   Pr = 0.000

+-------------------+
| Key               |
|-------------------|
|     frequency     |
| column percentage |
+-------------------+

           |   Meconium stained
  Multiple |    amniotic fluid
     birth |        no        yes |     Total
-----------+----------------------+----------
        no |    12,896      3,279 |    16,175 
           |     97.90      99.09 |     98.14 
-----------+----------------------+----------
       yes |       277         30 |       307 
           |      2.10       0.91 |      1.86 
-----------+----------------------+----------
     Total |    13,173      3,309 |    16,482 
           |    100.00     100.00 |    100.00 

          Pearson chi2(1) =  20.7011   Pr = 0.000

+-------------------+
| Key               |
|-------------------|
|     frequency     |
| column percentage |
+-------------------+

  Abnormal |
    foetal |
heart rate |   Meconium stained
    during |    amniotic fluid
    labour |        no        yes |     Total
-----------+----------------------+----------
        no |    11,625      1,662 |    13,287 
           |     88.25      50.23 |     80.62 
-----------+----------------------+----------
       yes |     1,548      1,647 |     3,195 
           |     11.75      49.77 |     19.38 
-----------+----------------------+----------
     Total |    13,173      3,309 |    16,482 
           |    100.00     100.00 |    100.00 

          Pearson chi2(1) =  2.4e+03   Pr = 0.000

+-------------------+
| Key               |
|-------------------|
|     frequency     |
| column percentage |
+-------------------+

           |   Meconium stained
      Ever |    amniotic fluid
    smoker |        no        yes |     Total
-----------+----------------------+----------
        no |    10,704      2,652 |    13,356 
           |     81.26      80.15 |     81.03 
-----------+----------------------+----------
       yes |     2,469        657 |     3,126 
           |     18.74      19.85 |     18.97 
-----------+----------------------+----------
     Total |    13,173      3,309 |    16,482 
           |    100.00     100.00 |    100.00 

          Pearson chi2(1) =   2.1280   Pr = 0.145

+-------------------+
| Key               |
|-------------------|
|     frequency     |
| column percentage |
+-------------------+

           |   Meconium stained
  Duration |    amniotic fluid
 of labour |        no        yes |     Total
-----------+----------------------+----------
  <4 hours |     3,411        603 |     4,014 
           |     25.89      18.22 |     24.35 
-----------+----------------------+----------
 4-6 hours |     4,039        850 |     4,889 
           |     30.66      25.69 |     29.66 
-----------+----------------------+----------
 7-9 hours |     2,726        706 |     3,432 
           |     20.69      21.34 |     20.82 
-----------+----------------------+----------
 10+ hours |     2,997      1,150 |     4,147 
           |     22.75      34.75 |     25.16 
-----------+----------------------+----------
     Total |    13,173      3,309 |    16,482 
           |    100.00     100.00 |    100.00 

          Pearson chi2(3) = 237.9030   Pr = 0.000

+-------------------+
| Key               |
|-------------------|
|     frequency     |
| column percentage |
+-------------------+

           |   Meconium stained
  Birth at |    amniotic fluid
 >40 weeks |        no        yes |     Total
-----------+----------------------+----------
        no |    10,520      2,261 |    12,781 
           |     79.86      68.33 |     77.55 
-----------+----------------------+----------
       yes |     2,653      1,048 |     3,701 
           |     20.14      31.67 |     22.45 
-----------+----------------------+----------
     Total |    13,173      3,309 |    16,482 
           |    100.00     100.00 |    100.00 

          Pearson chi2(1) = 201.9671   Pr = 0.000

. 
. foreach var in agecat epidural pyrexia ethcat breech bmi_bin nullipar multiple abnormalfhr smoke durcat lateterm {
  2.         logistic meconium `var'
  3. }

Logistic regression                                     Number of obs = 16,482
                                                        LR chi2(1)    =   5.50
                                                        Prob > chi2   = 0.0190
Log likelihood = -8262.3213                             Pseudo R2     = 0.0003

------------------------------------------------------------------------------
    meconium | Odds ratio   Std. err.      z    P>|z|     [95% conf. interval]
-------------+----------------------------------------------------------------
      agecat |   1.008419   .0036073     2.34   0.019     1.001374    1.015514
       _cons |   .2035277   .0187502   -17.28   0.000     .1699048    .2438044
------------------------------------------------------------------------------
Note: _cons estimates baseline odds.

Logistic regression                                     Number of obs = 16,482
                                                        LR chi2(1)    = 199.12
                                                        Prob > chi2   = 0.0000
Log likelihood = -8165.5114                             Pseudo R2     = 0.0120

------------------------------------------------------------------------------
    meconium | Odds ratio   Std. err.      z    P>|z|     [95% conf. interval]
-------------+----------------------------------------------------------------
    epidural |   1.866134   .0807824    14.41   0.000     1.714334    2.031375
       _cons |    .214306   .0049654   -66.48   0.000     .2047917    .2242623
------------------------------------------------------------------------------
Note: _cons estimates baseline odds.

Logistic regression                                     Number of obs = 16,482
                                                        LR chi2(1)    =  22.95
                                                        Prob > chi2   = 0.0000
Log likelihood = -8253.5955                             Pseudo R2     = 0.0014

------------------------------------------------------------------------------
    meconium | Odds ratio   Std. err.      z    P>|z|     [95% conf. interval]
-------------+----------------------------------------------------------------
     pyrexia |   2.179528   .3383734     5.02   0.000     1.607728    2.954691
       _cons |   .2485252   .0048756   -70.97   0.000     .2391506    .2582674
------------------------------------------------------------------------------
Note: _cons estimates baseline odds.

Logistic regression                                     Number of obs = 16,482
                                                        LR chi2(1)    =  16.62
                                                        Prob > chi2   = 0.0000
Log likelihood = -8256.7612                             Pseudo R2     = 0.0010

------------------------------------------------------------------------------
    meconium | Odds ratio   Std. err.      z    P>|z|     [95% conf. interval]
-------------+----------------------------------------------------------------
      ethcat |   1.195824   .0520634     4.11   0.000     1.098014    1.302347
       _cons |   .2395476    .005476   -62.51   0.000     .2290516    .2505245
------------------------------------------------------------------------------
Note: _cons estimates baseline odds.

Logistic regression                                     Number of obs = 16,482
                                                        LR chi2(1)    =  42.88
                                                        Prob > chi2   = 0.0000
Log likelihood = -8243.6306                             Pseudo R2     = 0.0026

------------------------------------------------------------------------------
    meconium | Odds ratio   Std. err.      z    P>|z|     [95% conf. interval]
-------------+----------------------------------------------------------------
      breech |    2.27241   .2719158     6.86   0.000     1.797348    2.873037
       _cons |   .2464349   .0048659   -70.94   0.000       .23708    .2561589
------------------------------------------------------------------------------
Note: _cons estimates baseline odds.

Logistic regression                                     Number of obs = 16,482
                                                        LR chi2(1)    =  54.72
                                                        Prob > chi2   = 0.0000
Log likelihood = -8237.708                              Pseudo R2     = 0.0033

------------------------------------------------------------------------------
    meconium | Odds ratio   Std. err.      z    P>|z|     [95% conf. interval]
-------------+----------------------------------------------------------------
     bmi_bin |   1.198351   .0289071     7.50   0.000     1.143012    1.256368
       _cons |   .1934798    .007846   -40.51   0.000     .1786972    .2094853
------------------------------------------------------------------------------
Note: _cons estimates baseline odds.

Logistic regression                                     Number of obs = 16,482
                                                        LR chi2(1)    = 104.17
                                                        Prob > chi2   = 0.0000
Log likelihood = -8212.9839                             Pseudo R2     = 0.0063

------------------------------------------------------------------------------
    meconium | Odds ratio   Std. err.      z    P>|z|     [95% conf. interval]
-------------+----------------------------------------------------------------
    nullipar |   1.489435   .0581209    10.21   0.000     1.379767    1.607819
       _cons |   .2090381   .0057124   -57.28   0.000     .1981365    .2205395
------------------------------------------------------------------------------
Note: _cons estimates baseline odds.

Logistic regression                                     Number of obs = 16,482
                                                        LR chi2(1)    =  24.37
                                                        Prob > chi2   = 0.0000
Log likelihood = -8252.8869                             Pseudo R2     = 0.0015

------------------------------------------------------------------------------
    meconium | Odds ratio   Std. err.      z    P>|z|     [95% conf. interval]
-------------+----------------------------------------------------------------
    multiple |   .4259466   .0822926    -4.42   0.000      .291678    .6220233
       _cons |   .2542649   .0049729   -70.02   0.000     .2447026    .2642008
------------------------------------------------------------------------------
Note: _cons estimates baseline odds.

Logistic regression                                    Number of obs =  16,482
                                                       LR chi2(1)    = 2087.33
                                                       Prob > chi2   =  0.0000
Log likelihood = -7221.405                             Pseudo R2     =  0.1263

------------------------------------------------------------------------------
    meconium | Odds ratio   Std. err.      z    P>|z|     [95% conf. interval]
-------------+----------------------------------------------------------------
 abnormalfhr |   7.441913   .3278554    45.56   0.000     6.826289    8.113056
       _cons |   .1429677   .0037492   -74.17   0.000     .1358051    .1505082
------------------------------------------------------------------------------
Note: _cons estimates baseline odds.

Logistic regression                                     Number of obs = 16,482
                                                        LR chi2(1)    =   2.11
                                                        Prob > chi2   = 0.1464
Log likelihood = -8264.0152                             Pseudo R2     = 0.0001

------------------------------------------------------------------------------
    meconium | Odds ratio   Std. err.      z    P>|z|     [95% conf. interval]
-------------+----------------------------------------------------------------
       smoke |   1.074031   .0525901     1.46   0.145     .9757482    1.182214
       _cons |   .2477578   .0053741   -64.33   0.000     .2374456     .258518
------------------------------------------------------------------------------
Note: _cons estimates baseline odds.

Logistic regression                                     Number of obs = 16,482
                                                        LR chi2(1)    = 223.21
                                                        Prob > chi2   = 0.0000
Log likelihood = -8153.4637                             Pseudo R2     = 0.0135

------------------------------------------------------------------------------
    meconium | Odds ratio   Std. err.      z    P>|z|     [95% conf. interval]
-------------+----------------------------------------------------------------
      durcat |   1.299889   .0229987    14.82   0.000     1.255585    1.345757
       _cons |   .1666386   .0058839   -50.75   0.000     .1554965    .1785792
------------------------------------------------------------------------------
Note: _cons estimates baseline odds.

Logistic regression                                     Number of obs = 16,482
                                                        LR chi2(1)    = 190.25
                                                        Prob > chi2   = 0.0000
Log likelihood = -8169.9435                             Pseudo R2     = 0.0115

------------------------------------------------------------------------------
    meconium | Odds ratio   Std. err.      z    P>|z|     [95% conf. interval]
-------------+----------------------------------------------------------------
    lateterm |   1.837974   .0794479    14.08   0.000     1.688672    2.000475
       _cons |    .214924   .0049821   -66.33   0.000     .2053778    .2249138
------------------------------------------------------------------------------
Note: _cons estimates baseline odds.

. 
. foreach var in agecat epidural pyrexia breech bmi_bin nullipar multiple abnormalfhr smoke durcat lateterm {
  2.         tab `var' ethcat, col chi
  3. }

+-------------------+
| Key               |
|-------------------|
|     frequency     |
| column percentage |
+-------------------+

           |       Ethnicity
    agecat | white/oth      black |     Total
-----------+----------------------+----------
     13-19 |       667        180 |       847 
           |      5.43       4.28 |      5.14 
-----------+----------------------+----------
     20-26 |     3,743      1,512 |     5,255 
           |     30.50      35.93 |     31.88 
-----------+----------------------+----------
     27-34 |     6,365      2,004 |     8,369 
           |     51.86      47.62 |     50.78 
-----------+----------------------+----------
     35-51 |     1,499        512 |     2,011 
           |     12.21      12.17 |     12.20 
-----------+----------------------+----------
     Total |    12,274      4,208 |    16,482 
           |    100.00     100.00 |    100.00 

          Pearson chi2(3) =  48.2729   Pr = 0.000

+-------------------+
| Key               |
|-------------------|
|     frequency     |
| column percentage |
+-------------------+

  Epidural |       Ethnicity
       use | white/oth      black |     Total
-----------+----------------------+----------
        no |     9,528      3,289 |    12,817 
           |     77.63      78.16 |     77.76 
-----------+----------------------+----------
       yes |     2,746        919 |     3,665 
           |     22.37      21.84 |     22.24 
-----------+----------------------+----------
     Total |    12,274      4,208 |    16,482 
           |    100.00     100.00 |    100.00 

          Pearson chi2(1) =   0.5151   Pr = 0.473

+-------------------+
| Key               |
|-------------------|
|     frequency     |
| column percentage |
+-------------------+

  Maternal |       Ethnicity
   pyrexia | white/oth      black |     Total
-----------+----------------------+----------
        no |    12,145      4,152 |    16,297 
           |     98.95      98.67 |     98.88 
-----------+----------------------+----------
       yes |       129         56 |       185 
           |      1.05       1.33 |      1.12 
-----------+----------------------+----------
     Total |    12,274      4,208 |    16,482 
           |    100.00     100.00 |    100.00 

          Pearson chi2(1) =   2.2104   Pr = 0.137

+-------------------+
| Key               |
|-------------------|
|     frequency     |
| column percentage |
+-------------------+

   Baby in |
    breech |       Ethnicity
  position | white/oth      black |     Total
-----------+----------------------+----------
        no |    12,044      4,126 |    16,170 
           |     98.13      98.05 |     98.11 
-----------+----------------------+----------
       yes |       230         82 |       312 
           |      1.87       1.95 |      1.89 
-----------+----------------------+----------
     Total |    12,274      4,208 |    16,482 
           |    100.00     100.00 |    100.00 

          Pearson chi2(1) =   0.0944   Pr = 0.759

+-------------------+
| Key               |
|-------------------|
|     frequency     |
| column percentage |
+-------------------+

                |       Ethnicity
        bmi_bin | white/oth      black |     Total
----------------+----------------------+----------
    Underweight |       342        234 |       576 
                |      2.79       5.56 |      3.49 
----------------+----------------------+----------
         Normal |     7,913      2,561 |    10,474 
                |     64.47      60.86 |     63.55 
----------------+----------------------+----------
     Overweight |     2,881      1,033 |     3,914 
                |     23.47      24.55 |     23.75 
----------------+----------------------+----------
          Obese |       823        299 |     1,122 
                |      6.71       7.11 |      6.81 
----------------+----------------------+----------
Extremely Obese |       315         81 |       396 
                |      2.57       1.92 |      2.40 
----------------+----------------------+----------
          Total |    12,274      4,208 |    16,482 
                |    100.00     100.00 |    100.00 

          Pearson chi2(4) =  83.0803   Pr = 0.000

+-------------------+
| Key               |
|-------------------|
|     frequency     |
| column percentage |
+-------------------+

Nulliparit |
         y |       Ethnicity
 indicator | white/oth      black |     Total
-----------+----------------------+----------
        no |     6,881      2,483 |     9,364 
           |     56.06      59.01 |     56.81 
-----------+----------------------+----------
       yes |     5,393      1,725 |     7,118 
           |     43.94      40.99 |     43.19 
-----------+----------------------+----------
     Total |    12,274      4,208 |    16,482 
           |    100.00     100.00 |    100.00 

          Pearson chi2(1) =  11.0775   Pr = 0.001

+-------------------+
| Key               |
|-------------------|
|     frequency     |
| column percentage |
+-------------------+

  Multiple |       Ethnicity
     birth | white/oth      black |     Total
-----------+----------------------+----------
        no |    12,045      4,130 |    16,175 
           |     98.13      98.15 |     98.14 
-----------+----------------------+----------
       yes |       229         78 |       307 
           |      1.87       1.85 |      1.86 
-----------+----------------------+----------
     Total |    12,274      4,208 |    16,482 
           |    100.00     100.00 |    100.00 

          Pearson chi2(1) =   0.0025   Pr = 0.960

+-------------------+
| Key               |
|-------------------|
|     frequency     |
| column percentage |
+-------------------+

  Abnormal |
    foetal |
heart rate |
    during |       Ethnicity
    labour | white/oth      black |     Total
-----------+----------------------+----------
        no |    10,040      3,247 |    13,287 
           |     81.80      77.16 |     80.62 
-----------+----------------------+----------
       yes |     2,234        961 |     3,195 
           |     18.20      22.84 |     19.38 
-----------+----------------------+----------
     Total |    12,274      4,208 |    16,482 
           |    100.00     100.00 |    100.00 

          Pearson chi2(1) =  43.1054   Pr = 0.000

+-------------------+
| Key               |
|-------------------|
|     frequency     |
| column percentage |
+-------------------+

      Ever |       Ethnicity
    smoker | white/oth      black |     Total
-----------+----------------------+----------
        no |     9,406      3,950 |    13,356 
           |     76.63      93.87 |     81.03 
-----------+----------------------+----------
       yes |     2,868        258 |     3,126 
           |     23.37       6.13 |     18.97 
-----------+----------------------+----------
     Total |    12,274      4,208 |    16,482 
           |    100.00     100.00 |    100.00 

          Pearson chi2(1) = 605.6803   Pr = 0.000

+-------------------+
| Key               |
|-------------------|
|     frequency     |
| column percentage |
+-------------------+

  Duration |       Ethnicity
 of labour | white/oth      black |     Total
-----------+----------------------+----------
  <4 hours |     2,999      1,015 |     4,014 
           |     24.43      24.12 |     24.35 
-----------+----------------------+----------
 4-6 hours |     3,662      1,227 |     4,889 
           |     29.84      29.16 |     29.66 
-----------+----------------------+----------
 7-9 hours |     2,549        883 |     3,432 
           |     20.77      20.98 |     20.82 
-----------+----------------------+----------
 10+ hours |     3,064      1,083 |     4,147 
           |     24.96      25.74 |     25.16 
-----------+----------------------+----------
     Total |    12,274      4,208 |    16,482 
           |    100.00     100.00 |    100.00 

          Pearson chi2(3) =   1.4252   Pr = 0.700

+-------------------+
| Key               |
|-------------------|
|     frequency     |
| column percentage |
+-------------------+

  Birth at |       Ethnicity
 >40 weeks | white/oth      black |     Total
-----------+----------------------+----------
        no |     9,254      3,527 |    12,781 
           |     75.40      83.82 |     77.55 
-----------+----------------------+----------
       yes |     3,020        681 |     3,701 
           |     24.60      16.18 |     22.45 
-----------+----------------------+----------
     Total |    12,274      4,208 |    16,482 
           |    100.00     100.00 |    100.00 

          Pearson chi2(1) = 127.6309   Pr = 0.000

. 
. /* Calculating CRUDE OR + 95% c.i. for each stratum of non-binary variables */ 
. foreach var in agecat durcat {
  2.         logistic meconium ib0.`var'
  3. }
note: 0.agecat identifies no observations in the sample.
note: 35.agecat omitted because of collinearity.

Logistic regression                                     Number of obs = 16,482
                                                        LR chi2(3)    =   6.76
                                                        Prob > chi2   = 0.0801
Log likelihood = -8261.692                              Pseudo R2     = 0.0004

------------------------------------------------------------------------------
    meconium | Odds ratio   Std. err.      z    P>|z|     [95% conf. interval]
-------------+----------------------------------------------------------------
      agecat |
          0  |          1  (empty)
      13-19  |   .7848615    .081872    -2.32   0.020     .6397361    .9629088
      20-26  |    .876304   .0561453    -2.06   0.039     .7728902    .9935548
      27-34  |   .8921506   .0539013    -1.89   0.059     .7925212    1.004305
      35-51  |          1  (omitted)
             |
       _cons |   .2808917   .0151383   -23.56   0.000     .2527346    .3121859
------------------------------------------------------------------------------
Note: _cons estimates baseline odds.

Logistic regression                                     Number of obs = 16,482
                                                        LR chi2(3)    = 231.39
                                                        Prob > chi2   = 0.0000
Log likelihood = -8149.3743                             Pseudo R2     = 0.0140

------------------------------------------------------------------------------
    meconium | Odds ratio   Std. err.      z    P>|z|     [95% conf. interval]
-------------+----------------------------------------------------------------
      durcat |
  4-6 hours  |   1.190445   .0691648     3.00   0.003     1.062318    1.334026
  7-9 hours  |   1.465019   .0895319     6.25   0.000     1.299642     1.65144
  10+ hours  |   2.170579   .1219157    13.80   0.000     1.944311    2.423178
             |
       _cons |    .176781   .0078095   -39.23   0.000     .1621185    .1927696
------------------------------------------------------------------------------
Note: _cons estimates baseline odds.

. 
. /* Setting category 2 as reference/baseline in BMI, as that is the "normal" bodyweight group. The lowest group is "underweight" */
. logistic meconium ib1.bmi_bin

Logistic regression                                     Number of obs = 16,482
                                                        LR chi2(4)    =  60.34
                                                        Prob > chi2   = 0.0000
Log likelihood = -8234.8991                             Pseudo R2     = 0.0037

----------------------------------------------------------------------------------
        meconium | Odds ratio   Std. err.      z    P>|z|     [95% conf. interval]
-----------------+----------------------------------------------------------------
         bmi_bin |
    Underweight  |   .7072619   .0865972    -2.83   0.005     .5563641    .8990864
     Overweight  |   1.257302   .0574698     5.01   0.000     1.149562    1.375141
          Obese  |   1.423648   .1046904     4.80   0.000      1.23256    1.644361
Extremely Obese  |   1.460187   .1727968     3.20   0.001      1.15792     1.84136
                 |
           _cons |   .2313661   .0057874   -58.52   0.000     .2202966    .2429918
----------------------------------------------------------------------------------
Note: _cons estimates baseline odds.

. 
. 
. /* Assessing multicollinearity */
. spearman agecat epidural pyrexia ethcat breech bmi_bin nullipar multiple abnormalfhr smoke durcat lateterm
(obs=16482)

             |   agecat epidural  pyrexia   ethcat   breech  bmi_bin nullipar multiple abnorm~r    smoke   durcat lateterm
-------------+------------------------------------------------------------------------------------------------------------
      agecat |   1.0000 
    epidural |  -0.0189   1.0000 
     pyrexia |  -0.0109   0.1134   1.0000 
      ethcat |  -0.0259  -0.0056   0.0116   1.0000 
      breech |   0.0187   0.0713   0.0232   0.0024   1.0000 
     bmi_bin |   0.0573   0.0154   0.0154  -0.0112  -0.0099   1.0000 
    nullipar |  -0.2653   0.2675   0.0687  -0.0259  -0.0007  -0.0866   1.0000 
    multiple |   0.0294   0.1314   0.0151  -0.0004   0.1751   0.0125  -0.0032   1.0000 
 abnormalfhr |  -0.0092   0.1991   0.0658   0.0511   0.0242   0.0322   0.1795  -0.0221   1.0000 
       smoke |  -0.1652  -0.0131  -0.0207  -0.1917   0.0134   0.0099  -0.0122  -0.0129  -0.0078   1.0000 
      durcat |  -0.1044   0.3723   0.0771   0.0080  -0.0002  -0.0221   0.4551  -0.0043   0.1598  -0.0302   1.0000 
    lateterm |   0.0129   0.0654   0.0062  -0.0880  -0.0459   0.0481   0.0457  -0.0731   0.0668   0.0100   0.0437   1.0000 

. 
. /* Individually adjusting for each potential confounder */
. foreach var in bmi_bin nullipar abnormalfhr lateterm {
  2.         logistic meconium ethcat `var'
  3.         est store a
  4.         quietly logistic meconium ethcat
  5.         est store b
  6.         lrtest a b
  7. }

Logistic regression                                     Number of obs = 16,482
                                                        LR chi2(2)    =  72.32
                                                        Prob > chi2   = 0.0000
Log likelihood = -8228.9084                             Pseudo R2     = 0.0044

------------------------------------------------------------------------------
    meconium | Odds ratio   Std. err.      z    P>|z|     [95% conf. interval]
-------------+----------------------------------------------------------------
      ethcat |   1.202547   .0524618     4.23   0.000     1.103997    1.309894
     bmi_bin |   1.200312   .0289555     7.57   0.000     1.144881    1.258426
       _cons |   .1838008   .0078092   -39.87   0.000     .1691149     .199762
------------------------------------------------------------------------------
Note: _cons estimates baseline odds.

Likelihood-ratio test
Assumption: b nested within a

 LR chi2(1) =  55.71
Prob > chi2 = 0.0000

Logistic regression                                     Number of obs = 16,482
                                                        LR chi2(2)    = 123.19
                                                        Prob > chi2   = 0.0000
Log likelihood = -8203.4768                             Pseudo R2     = 0.0075

------------------------------------------------------------------------------
    meconium | Odds ratio   Std. err.      z    P>|z|     [95% conf. interval]
-------------+----------------------------------------------------------------
      ethcat |   1.211826   .0529692     4.40   0.000     1.112331    1.320221
    nullipar |   1.496874   .0584772    10.33   0.000     1.386539     1.61599
       _cons |   .1981857   .0059723   -53.71   0.000     .1868191    .2102438
------------------------------------------------------------------------------
Note: _cons estimates baseline odds.

Likelihood-ratio test
Assumption: b nested within a

 LR chi2(1) = 106.57
Prob > chi2 = 0.0000

Logistic regression                                    Number of obs =  16,482
                                                       LR chi2(2)    = 2090.19
                                                       Prob > chi2   =  0.0000
Log likelihood = -7219.9728                            Pseudo R2     =  0.1264

------------------------------------------------------------------------------
    meconium | Odds ratio   Std. err.      z    P>|z|     [95% conf. interval]
-------------+----------------------------------------------------------------
      ethcat |   1.083868   .0514258     1.70   0.090       .98762    1.189496
 abnormalfhr |   7.411713   .3269432    45.41   0.000     6.797836    8.081027
       _cons |   .1401182   .0040487   -68.01   0.000     .1324034    .1482824
------------------------------------------------------------------------------
Note: _cons estimates baseline odds.

Likelihood-ratio test
Assumption: b nested within a

 LR chi2(1) = 2073.58
Prob > chi2 =  0.0000

Logistic regression                                     Number of obs = 16,482
                                                        LR chi2(2)    = 219.44
                                                        Prob > chi2   = 0.0000
Log likelihood = -8155.3521                             Pseudo R2     = 0.0133

------------------------------------------------------------------------------
    meconium | Odds ratio   Std. err.      z    P>|z|     [95% conf. interval]
-------------+----------------------------------------------------------------
      ethcat |   1.271641   .0560395     5.45   0.000     1.166415    1.386359
    lateterm |   1.882656   .0819484    14.54   0.000       1.7287    2.050322
       _cons |   .2003807   .0053829   -59.84   0.000     .1901033    .2112137
------------------------------------------------------------------------------
Note: _cons estimates baseline odds.

Likelihood-ratio test
Assumption: b nested within a

 LR chi2(1) = 202.82
Prob > chi2 = 0.0000

. 
. foreach var in bmi_bin nullipar abnormalfhr lateterm {
  2.         logistic meconium `var' ethcat
  3.         est store a
  4.         quietly logistic meconium `var'
  5.         est store b
  6.         lrtest a b
  7. }

Logistic regression                                     Number of obs = 16,482
                                                        LR chi2(2)    =  72.32
                                                        Prob > chi2   = 0.0000
Log likelihood = -8228.9084                             Pseudo R2     = 0.0044

------------------------------------------------------------------------------
    meconium | Odds ratio   Std. err.      z    P>|z|     [95% conf. interval]
-------------+----------------------------------------------------------------
     bmi_bin |   1.200312   .0289555     7.57   0.000     1.144881    1.258426
      ethcat |   1.202547   .0524618     4.23   0.000     1.103997    1.309894
       _cons |   .1838008   .0078092   -39.87   0.000     .1691149     .199762
------------------------------------------------------------------------------
Note: _cons estimates baseline odds.

Likelihood-ratio test
Assumption: b nested within a

 LR chi2(1) =  17.60
Prob > chi2 = 0.0000

Logistic regression                                     Number of obs = 16,482
                                                        LR chi2(2)    = 123.19
                                                        Prob > chi2   = 0.0000
Log likelihood = -8203.4768                             Pseudo R2     = 0.0075

------------------------------------------------------------------------------
    meconium | Odds ratio   Std. err.      z    P>|z|     [95% conf. interval]
-------------+----------------------------------------------------------------
    nullipar |   1.496874   .0584772    10.33   0.000     1.386539     1.61599
      ethcat |   1.211826   .0529692     4.40   0.000     1.112331    1.320221
       _cons |   .1981857   .0059723   -53.71   0.000     .1868191    .2102438
------------------------------------------------------------------------------
Note: _cons estimates baseline odds.

Likelihood-ratio test
Assumption: b nested within a

 LR chi2(1) =  19.01
Prob > chi2 = 0.0000

Logistic regression                                    Number of obs =  16,482
                                                       LR chi2(2)    = 2090.19
                                                       Prob > chi2   =  0.0000
Log likelihood = -7219.9728                            Pseudo R2     =  0.1264

------------------------------------------------------------------------------
    meconium | Odds ratio   Std. err.      z    P>|z|     [95% conf. interval]
-------------+----------------------------------------------------------------
 abnormalfhr |   7.411713   .3269432    45.41   0.000     6.797836    8.081027
      ethcat |   1.083868   .0514258     1.70   0.090       .98762    1.189496
       _cons |   .1401182   .0040487   -68.01   0.000     .1324034    .1482824
------------------------------------------------------------------------------
Note: _cons estimates baseline odds.

Likelihood-ratio test
Assumption: b nested within a

 LR chi2(1) =   2.86
Prob > chi2 = 0.0906

Logistic regression                                     Number of obs = 16,482
                                                        LR chi2(2)    = 219.44
                                                        Prob > chi2   = 0.0000
Log likelihood = -8155.3521                             Pseudo R2     = 0.0133

------------------------------------------------------------------------------
    meconium | Odds ratio   Std. err.      z    P>|z|     [95% conf. interval]
-------------+----------------------------------------------------------------
    lateterm |   1.882656   .0819484    14.54   0.000       1.7287    2.050322
      ethcat |   1.271641   .0560395     5.45   0.000     1.166415    1.386359
       _cons |   .2003807   .0053829   -59.84   0.000     .1901033    .2112137
------------------------------------------------------------------------------
Note: _cons estimates baseline odds.

Likelihood-ratio test
Assumption: b nested within a

 LR chi2(1) =  29.18
Prob > chi2 = 0.0000

. 
. /* Test for interaction */
. foreach var in epidural pyrexia breech bmi_bin nullipar multiple abnormalfhr durcat lateterm {
  2.         logistic meconium i.ethcat##`var'
  3.         est store a
  4.         quietly logistic meconium i.ethcat i.`var'
  5.         est store b
  6.         lrtest a b
  7. }

Logistic regression                                     Number of obs = 16,482
                                                        LR chi2(3)    = 219.09
                                                        Prob > chi2   = 0.0000
Log likelihood = -8155.5255                             Pseudo R2     = 0.0133

---------------------------------------------------------------------------------
       meconium | Odds ratio   Std. err.      z    P>|z|     [95% conf. interval]
----------------+----------------------------------------------------------------
         ethcat |
         black  |   1.255264   .0644827     4.43   0.000     1.135035     1.38823
                |
       epidural |
           yes  |   1.947738   .0983747    13.20   0.000     1.764163    2.150415
                |
ethcat#epidural |
     black#yes  |   .8577505    .084256    -1.56   0.118     .7075356    1.039857
                |
          _cons |   .2015132   .0055256   -58.42   0.000     .1909691    .2126395
---------------------------------------------------------------------------------
Note: _cons estimates baseline odds.

Likelihood-ratio test
Assumption: b nested within a

 LR chi2(1) =   2.45
Prob > chi2 = 0.1175

Logistic regression                                     Number of obs = 16,482
                                                        LR chi2(3)    =  40.32
                                                        Prob > chi2   = 0.0000
Log likelihood = -8244.9092                             Pseudo R2     = 0.0024

--------------------------------------------------------------------------------
      meconium | Odds ratio   Std. err.      z    P>|z|     [95% conf. interval]
---------------+----------------------------------------------------------------
        ethcat |
        black  |     1.2006   .0527361     4.16   0.000     1.101563    1.308541
               |
       pyrexia |
          yes  |   2.420881   .4464123     4.79   0.000     1.686597    3.474847
               |
ethcat#pyrexia |
    black#yes  |   .6883448   .2357241    -1.09   0.275     .3518127    1.346792
               |
         _cons |   .2367617   .0054606   -62.47   0.000     .2262974    .2477099
--------------------------------------------------------------------------------
Note: _cons estimates baseline odds.

Likelihood-ratio test
Assumption: b nested within a

 LR chi2(1) =   1.21
Prob > chi2 = 0.2715

Logistic regression                                     Number of obs = 16,482
                                                        LR chi2(3)    =  60.04
                                                        Prob > chi2   = 0.0000
Log likelihood = -8235.0487                             Pseudo R2     = 0.0036

-------------------------------------------------------------------------------
     meconium | Odds ratio   Std. err.      z    P>|z|     [95% conf. interval]
--------------+----------------------------------------------------------------
       ethcat |
       black  |   1.202489   .0531203     4.17   0.000     1.102755    1.311244
              |
       breech |
         yes  |   2.406263   .3350698     6.31   0.000      1.83153    3.161346
              |
ethcat#breech |
   black#yes  |   .8058979   .2194545    -0.79   0.428     .4725947    1.374267
              |
        _cons |   .2346489   .0054496   -62.42   0.000     .2242073    .2455768
-------------------------------------------------------------------------------
Note: _cons estimates baseline odds.

Likelihood-ratio test
Assumption: b nested within a

 LR chi2(1) =   0.63
Prob > chi2 = 0.4261

Logistic regression                                     Number of obs = 16,482
                                                        LR chi2(9)    =  82.65
                                                        Prob > chi2   = 0.0000
Log likelihood = -8223.7454                             Pseudo R2     = 0.0050

----------------------------------------------------------------------------------------
              meconium | Odds ratio   Std. err.      z    P>|z|     [95% conf. interval]
-----------------------+----------------------------------------------------------------
                ethcat |
                black  |    1.60387   .3858722     1.96   0.050     1.000876    2.570149
                       |
               bmi_bin |
               Normal  |   1.695287   .2894673     3.09   0.002     1.213115    2.369105
           Overweight  |   2.040611   .3556948     4.09   0.000      1.45007    2.871649
                Obese  |   2.312914    .433199     4.48   0.000      1.60226    3.338765
      Extremely Obese  |   2.359352   .5049843     4.01   0.000     1.550978    3.589052
                       |
        ethcat#bmi_bin |
         black#Normal  |   .7023279   .1736754    -1.43   0.153     .4325639    1.140327
     black#Overweight  |   .8122173   .2070457    -0.82   0.415     .4928206    1.338615
          black#Obese  |   .8083867   .2301971    -0.75   0.455      .462626    1.412564
black#Extremely Obese  |    .890703   .3251246    -0.32   0.751     .4355391     1.82154
                       |
                 _cons |   .1324516   .0222862   -12.01   0.000     .0952434    .1841957
----------------------------------------------------------------------------------------
Note: _cons estimates baseline odds.

Likelihood-ratio test
Assumption: b nested within a

 LR chi2(4) =   4.27
Prob > chi2 = 0.3704

Logistic regression                                     Number of obs = 16,482
                                                        LR chi2(3)    = 127.66
                                                        Prob > chi2   = 0.0000
Log likelihood = -8201.2408                             Pseudo R2     = 0.0077

---------------------------------------------------------------------------------
       meconium | Odds ratio   Std. err.      z    P>|z|     [95% conf. interval]
----------------+----------------------------------------------------------------
         ethcat |
         black  |   1.321691   .0788245     4.68   0.000     1.175885    1.485576
                |
       nullipar |
           yes  |   1.574961    .072308     9.89   0.000     1.439429    1.723254
                |
ethcat#nullipar |
     black#yes  |   .8309028   .0728251    -2.11   0.035      .699755    .9866304
                |
          _cons |    .193168   .0063218   -50.24   0.000     .1811665    .2059646
---------------------------------------------------------------------------------
Note: _cons estimates baseline odds.

Likelihood-ratio test
Assumption: b nested within a

 LR chi2(1) =   4.47
Prob > chi2 = 0.0345

Logistic regression                                     Number of obs = 16,482
                                                        LR chi2(3)    =  41.05
                                                        Prob > chi2   = 0.0000
Log likelihood = -8244.5442                             Pseudo R2     = 0.0025

---------------------------------------------------------------------------------
       meconium | Odds ratio   Std. err.      z    P>|z|     [95% conf. interval]
----------------+----------------------------------------------------------------
         ethcat |
         black  |   1.197319   .0524298     4.11   0.000     1.098845    1.304619
                |
       multiple |
           yes  |   .4384689    .098839    -3.66   0.000     .2818786    .6820488
                |
ethcat#multiple |
     black#yes  |   .8981017   .3930028    -0.25   0.806     .3809306    2.117411
                |
          _cons |    .242393   .0055733   -61.64   0.000     .2317119    .2535664
---------------------------------------------------------------------------------
Note: _cons estimates baseline odds.

Likelihood-ratio test
Assumption: b nested within a

 LR chi2(1) =   0.06
Prob > chi2 = 0.8048

Logistic regression                                    Number of obs =  16,482
                                                       LR chi2(3)    = 2116.52
                                                       Prob > chi2   =  0.0000
Log likelihood = -7206.8102                            Pseudo R2     =  0.1280

------------------------------------------------------------------------------------
          meconium | Odds ratio   Std. err.      z    P>|z|     [95% conf. interval]
-------------------+----------------------------------------------------------------
            ethcat |
            black  |   .8914977    .055672    -1.84   0.066     .7887958    1.007571
                   |
       abnormalfhr |
              yes  |    6.43952   .3335975    35.95   0.000     5.817779    7.127706
                   |
ethcat#abnormalfhr |
        black#yes  |   1.663009   .1660858     5.09   0.000     1.367366    2.022575
                   |
             _cons |   .1469043   .0043871   -64.22   0.000     .1385525    .1557595
------------------------------------------------------------------------------------
Note: _cons estimates baseline odds.

Likelihood-ratio test
Assumption: b nested within a

 LR chi2(1) =  26.33
Prob > chi2 = 0.0000

Logistic regression                                     Number of obs = 16,482
                                                        LR chi2(7)    = 251.21
                                                        Prob > chi2   = 0.0000
Log likelihood = -8139.4627                             Pseudo R2     = 0.0152

----------------------------------------------------------------------------------
        meconium | Odds ratio   Std. err.      z    P>|z|     [95% conf. interval]
-----------------+----------------------------------------------------------------
          ethcat |
          black  |    1.33791    .130116     2.99   0.003      1.10572    1.618859
                 |
          durcat |
      4-6 hours  |   1.262622    .086469     3.41   0.001     1.104027    1.443998
      7-9 hours  |   1.475725   .1071325     5.36   0.000     1.280004    1.701373
      10+ hours  |   2.275074   .1511793    12.37   0.000     1.997253    2.591542
                 |
   ethcat#durcat |
black#4-6 hours  |   .8095571   .1050751    -1.63   0.104     .6277218    1.044065
black#7-9 hours  |    .973826   .1313499    -0.20   0.844     .7476032    1.268503
black#10+ hours  |   .8437302   .1052001    -1.36   0.173     .6608028    1.077297
                 |
           _cons |    .163305   .0085843   -34.47   0.000     .1473177    .1810271
----------------------------------------------------------------------------------
Note: _cons estimates baseline odds.

Likelihood-ratio test
Assumption: b nested within a

 LR chi2(3) =   4.04
Prob > chi2 = 0.2574

Logistic regression                                     Number of obs = 16,482
                                                        LR chi2(3)    = 228.03
                                                        Prob > chi2   = 0.0000
Log likelihood = -8151.0568                             Pseudo R2     = 0.0138

---------------------------------------------------------------------------------
       meconium | Odds ratio   Std. err.      z    P>|z|     [95% conf. interval]
----------------+----------------------------------------------------------------
         ethcat |
         black  |   1.183347   .0600092     3.32   0.001     1.071387    1.307006
                |
       lateterm |
           yes  |   1.756658   .0872642    11.34   0.000     1.593686    1.936296
                |
ethcat#lateterm |
     black#yes  |   1.353958    .139427     2.94   0.003     1.106498    1.656761
                |
          _cons |    .204791   .0056676   -57.30   0.000     .1939786    .2162062
---------------------------------------------------------------------------------
Note: _cons estimates baseline odds.

Likelihood-ratio test
Assumption: b nested within a

 LR chi2(1) =   8.59
Prob > chi2 = 0.0034

. 
. /* Assessing the significance of interaction terms in model fit */
. foreach var in nullipar abnormalfhr lateterm {
  2.         logistic meconium i.ethcat##`var'
  3.         est store a
  4.         quietly logistic meconium i.ethcat
  5.         est store b
  6.         lrtest a b
  7. }

Logistic regression                                     Number of obs = 16,482
                                                        LR chi2(3)    = 127.66
                                                        Prob > chi2   = 0.0000
Log likelihood = -8201.2408                             Pseudo R2     = 0.0077

---------------------------------------------------------------------------------
       meconium | Odds ratio   Std. err.      z    P>|z|     [95% conf. interval]
----------------+----------------------------------------------------------------
         ethcat |
         black  |   1.321691   .0788245     4.68   0.000     1.175885    1.485576
                |
       nullipar |
           yes  |   1.574961    .072308     9.89   0.000     1.439429    1.723254
                |
ethcat#nullipar |
     black#yes  |   .8309028   .0728251    -2.11   0.035      .699755    .9866304
                |
          _cons |    .193168   .0063218   -50.24   0.000     .1811665    .2059646
---------------------------------------------------------------------------------
Note: _cons estimates baseline odds.

Likelihood-ratio test
Assumption: b nested within a

 LR chi2(2) = 111.04
Prob > chi2 = 0.0000

Logistic regression                                    Number of obs =  16,482
                                                       LR chi2(3)    = 2116.52
                                                       Prob > chi2   =  0.0000
Log likelihood = -7206.8102                            Pseudo R2     =  0.1280

------------------------------------------------------------------------------------
          meconium | Odds ratio   Std. err.      z    P>|z|     [95% conf. interval]
-------------------+----------------------------------------------------------------
            ethcat |
            black  |   .8914977    .055672    -1.84   0.066     .7887958    1.007571
                   |
       abnormalfhr |
              yes  |    6.43952   .3335975    35.95   0.000     5.817779    7.127706
                   |
ethcat#abnormalfhr |
        black#yes  |   1.663009   .1660858     5.09   0.000     1.367366    2.022575
                   |
             _cons |   .1469043   .0043871   -64.22   0.000     .1385525    .1557595
------------------------------------------------------------------------------------
Note: _cons estimates baseline odds.

Likelihood-ratio test
Assumption: b nested within a

 LR chi2(2) = 2099.90
Prob > chi2 =  0.0000

Logistic regression                                     Number of obs = 16,482
                                                        LR chi2(3)    = 228.03
                                                        Prob > chi2   = 0.0000
Log likelihood = -8151.0568                             Pseudo R2     = 0.0138

---------------------------------------------------------------------------------
       meconium | Odds ratio   Std. err.      z    P>|z|     [95% conf. interval]
----------------+----------------------------------------------------------------
         ethcat |
         black  |   1.183347   .0600092     3.32   0.001     1.071387    1.307006
                |
       lateterm |
           yes  |   1.756658   .0872642    11.34   0.000     1.593686    1.936296
                |
ethcat#lateterm |
     black#yes  |   1.353958    .139427     2.94   0.003     1.106498    1.656761
                |
          _cons |    .204791   .0056676   -57.30   0.000     .1939786    .2162062
---------------------------------------------------------------------------------
Note: _cons estimates baseline odds.

Likelihood-ratio test
Assumption: b nested within a

 LR chi2(2) = 211.41
Prob > chi2 = 0.0000

. 
. /* Final Adjusted Regression */
. logistic meconium i.ethcat##nullipar i.ethcat##abnormalfhr ib1.bmi_bin i.ethcat##lateterm

Logistic regression                                    Number of obs =  16,482
                                                       LR chi2(11)   = 2306.49
                                                       Prob > chi2   =  0.0000
Log likelihood = -7111.8228                            Pseudo R2     =  0.1395

------------------------------------------------------------------------------------
          meconium | Odds ratio   Std. err.      z    P>|z|     [95% conf. interval]
-------------------+----------------------------------------------------------------
            ethcat |
            black  |   .9386255   .0738883    -0.80   0.421     .8044259    1.095213
                   |
          nullipar |
              yes  |   1.145879   .0576945     2.70   0.007       1.0382    1.264725
                   |
   ethcat#nullipar |
        black#yes  |   .8361728   .0845412    -1.77   0.077     .6858597    1.019428
                   |
       abnormalfhr |
              yes  |   6.089805   .3250766    33.84   0.000     5.484864    6.761467
                   |
ethcat#abnormalfhr |
        black#yes  |   1.751706   .1808612     5.43   0.000      1.43079    2.144602
                   |
           bmi_bin |
      Underweight  |   .6815997   .0909388    -2.87   0.004      .524762    .8853122
       Overweight  |   1.203874   .0604366     3.70   0.000     1.091062    1.328351
            Obese  |   1.347235   .1092998     3.67   0.000     1.149175     1.57943
  Extremely Obese  |   1.381073   .1807932     2.47   0.014     1.068533     1.78503
                   |
          lateterm |
              yes  |   1.605887   .0859124     8.85   0.000     1.446029    1.783417
                   |
   ethcat#lateterm |
        black#yes  |   1.396939   .1635491     2.86   0.004     1.110508    1.757249
                   |
             _cons |   .1147602   .0049666   -50.02   0.000     .1054273    .1249193
------------------------------------------------------------------------------------
Note: _cons estimates baseline odds.

. /* Calculating Stratum-specific estimated */
. /* nullipar stratum */
. lincom 1.ethcat + 1.nullipar#1.ethcat

 ( 1)  [meconium]1.ethcat + [meconium]1.ethcat#1.nullipar = 0

------------------------------------------------------------------------------
    meconium | Odds ratio   Std. err.      z    P>|z|     [95% conf. interval]
-------------+----------------------------------------------------------------
         (1) |   .7848531   .0741307    -2.56   0.010     .6522152     .944465
------------------------------------------------------------------------------

. lincom 1.nullipar + 1.nullipar#1.ethcat

 ( 1)  [meconium]1.nullipar + [meconium]1.ethcat#1.nullipar = 0

------------------------------------------------------------------------------
    meconium | Odds ratio   Std. err.      z    P>|z|     [95% conf. interval]
-------------+----------------------------------------------------------------
         (1) |   .9581525    .084281    -0.49   0.627       .80642    1.138434
------------------------------------------------------------------------------

. /* abnormalfhr stratum */
. lincom 1.ethcat + 1.abnormalfhr#1.ethcat

 ( 1)  [meconium]1.ethcat + [meconium]1.ethcat#1.abnormalfhr = 0

------------------------------------------------------------------------------
    meconium | Odds ratio   Std. err.      z    P>|z|     [95% conf. interval]
-------------+----------------------------------------------------------------
         (1) |   1.644196   .1662865     4.92   0.000      1.34855    2.004658
------------------------------------------------------------------------------

. lincom 1.abnormalfhr + 1.abnormalfhr#1.ethcat

 ( 1)  [meconium]1.abnormalfhr + [meconium]1.ethcat#1.abnormalfhr = 0

------------------------------------------------------------------------------
    meconium | Odds ratio   Std. err.      z    P>|z|     [95% conf. interval]
-------------+----------------------------------------------------------------
         (1) |   10.66755   .9427818    26.78   0.000     8.970917    12.68506
------------------------------------------------------------------------------

. /* lateterm stratum */
. lincom 1.ethcat + 1.lateterm#1.ethcat

 ( 1)  [meconium]1.ethcat + [meconium]1.ethcat#1.lateterm = 0

------------------------------------------------------------------------------
    meconium | Odds ratio   Std. err.      z    P>|z|     [95% conf. interval]
-------------+----------------------------------------------------------------
         (1) |   1.311203   .1505341     2.36   0.018        1.047    1.642075
------------------------------------------------------------------------------

. lincom 1.lateterm + 1.lateterm#1.ethcat

 ( 1)  [meconium]1.lateterm + [meconium]1.ethcat#1.lateterm = 0

------------------------------------------------------------------------------
    meconium | Odds ratio   Std. err.      z    P>|z|     [95% conf. interval]
-------------+----------------------------------------------------------------
         (1) |   2.243327   .2337201     7.76   0.000     1.828986    2.751533
------------------------------------------------------------------------------

. 
end of do-file

. log close
      name:  <unnamed>
       log:  C:\Users\PATH\TO\DATA\MSAF.log
  log type:  text
 closed on:  DATE
--------------------------------------------------------------------------------------------------------------------------------------------------------------------------------------------------------------------------------------
